::1 - - [03/Oct/2019:21:29:10 +0000] "GET /signup HTTP/1.1" 200 - "http://localhost:3000/login" "Mozilla/5.0 (X11; Linux x86_64) AppleWebKit/537.36 (KHTML, like Gecko) Ubuntu Chromium/76.0.3809.100 Chrome/76.0.3809.100 Safari/537.36"
::1 - - [03/Oct/2019:21:29:10 +0000] "GET /css/forms.css HTTP/1.1" 200 454 "http://localhost:3000/signup" "Mozilla/5.0 (X11; Linux x86_64) AppleWebKit/537.36 (KHTML, like Gecko) Ubuntu Chromium/76.0.3809.100 Chrome/76.0.3809.100 Safari/537.36"
::1 - - [03/Oct/2019:21:29:10 +0000] "GET /css/auth.css HTTP/1.1" 304 - "http://localhost:3000/signup" "Mozilla/5.0 (X11; Linux x86_64) AppleWebKit/537.36 (KHTML, like Gecko) Ubuntu Chromium/76.0.3809.100 Chrome/76.0.3809.100 Safari/537.36"
::1 - - [03/Oct/2019:21:29:10 +0000] "GET /js/main.js HTTP/1.1" 304 - "http://localhost:3000/signup" "Mozilla/5.0 (X11; Linux x86_64) AppleWebKit/537.36 (KHTML, like Gecko) Ubuntu Chromium/76.0.3809.100 Chrome/76.0.3809.100 Safari/537.36"
::1 - - [03/Oct/2019:21:29:10 +0000] "GET /css/main.css HTTP/1.1" 200 - "http://localhost:3000/signup" "Mozilla/5.0 (X11; Linux x86_64) AppleWebKit/537.36 (KHTML, like Gecko) Ubuntu Chromium/76.0.3809.100 Chrome/76.0.3809.100 Safari/537.36"
::1 - - [03/Oct/2019:21:29:11 +0000] "GET /favicon.ico HTTP/1.1" 404 - "http://localhost:3000/signup" "Mozilla/5.0 (X11; Linux x86_64) AppleWebKit/537.36 (KHTML, like Gecko) Ubuntu Chromium/76.0.3809.100 Chrome/76.0.3809.100 Safari/537.36"
::1 - - [03/Oct/2019:21:43:29 +0000] "GET /signup HTTP/1.1" 200 - "-" "Mozilla/5.0 (X11; Linux x86_64) AppleWebKit/537.36 (KHTML, like Gecko) Ubuntu Chromium/76.0.3809.100 Chrome/76.0.3809.100 Safari/537.36"
::1 - - [03/Oct/2019:21:43:29 +0000] "GET /css/forms.css HTTP/1.1" 200 454 "https://localhost:3000/signup" "Mozilla/5.0 (X11; Linux x86_64) AppleWebKit/537.36 (KHTML, like Gecko) Ubuntu Chromium/76.0.3809.100 Chrome/76.0.3809.100 Safari/537.36"
::1 - - [03/Oct/2019:21:43:29 +0000] "GET /css/auth.css HTTP/1.1" 200 84 "https://localhost:3000/signup" "Mozilla/5.0 (X11; Linux x86_64) AppleWebKit/537.36 (KHTML, like Gecko) Ubuntu Chromium/76.0.3809.100 Chrome/76.0.3809.100 Safari/537.36"
::1 - - [03/Oct/2019:21:43:29 +0000] "GET /css/main.css HTTP/1.1" 200 - "https://localhost:3000/signup" "Mozilla/5.0 (X11; Linux x86_64) AppleWebKit/537.36 (KHTML, like Gecko) Ubuntu Chromium/76.0.3809.100 Chrome/76.0.3809.100 Safari/537.36"
::1 - - [03/Oct/2019:21:43:29 +0000] "GET /js/main.js HTTP/1.1" 200 519 "https://localhost:3000/signup" "Mozilla/5.0 (X11; Linux x86_64) AppleWebKit/537.36 (KHTML, like Gecko) Ubuntu Chromium/76.0.3809.100 Chrome/76.0.3809.100 Safari/537.36"
::1 - - [03/Oct/2019:21:43:29 +0000] "GET /favicon.ico HTTP/1.1" 404 - "https://localhost:3000/signup" "Mozilla/5.0 (X11; Linux x86_64) AppleWebKit/537.36 (KHTML, like Gecko) Ubuntu Chromium/76.0.3809.100 Chrome/76.0.3809.100 Safari/537.36"
::1 - - [24/Oct/2019:15:35:34 +0000] "GET / HTTP/1.1" 200 - "-" "Mozilla/5.0 (X11; Linux x86_64) AppleWebKit/537.36 (KHTML, like Gecko) Ubuntu Chromium/76.0.3809.100 Chrome/76.0.3809.100 Safari/537.36"
::1 - - [24/Oct/2019:15:35:34 +0000] "GET /css/main.css HTTP/1.1" 200 - "http://localhost:3000/" "Mozilla/5.0 (X11; Linux x86_64) AppleWebKit/537.36 (KHTML, like Gecko) Ubuntu Chromium/76.0.3809.100 Chrome/76.0.3809.100 Safari/537.36"
::1 - - [24/Oct/2019:15:35:34 +0000] "GET /css/product.css HTTP/1.1" 200 379 "http://localhost:3000/" "Mozilla/5.0 (X11; Linux x86_64) AppleWebKit/537.36 (KHTML, like Gecko) Ubuntu Chromium/76.0.3809.100 Chrome/76.0.3809.100 Safari/537.36"
::1 - - [24/Oct/2019:15:35:34 +0000] "GET /images/2019-10-03T22:14:12.399Z-theguffalo.jpeg HTTP/1.1" 404 - "http://localhost:3000/" "Mozilla/5.0 (X11; Linux x86_64) AppleWebKit/537.36 (KHTML, like Gecko) Ubuntu Chromium/76.0.3809.100 Chrome/76.0.3809.100 Safari/537.36"
::1 - - [24/Oct/2019:15:35:34 +0000] "GET /js/main.js HTTP/1.1" 200 519 "http://localhost:3000/" "Mozilla/5.0 (X11; Linux x86_64) AppleWebKit/537.36 (KHTML, like Gecko) Ubuntu Chromium/76.0.3809.100 Chrome/76.0.3809.100 Safari/537.36"
::1 - - [24/Oct/2019:15:35:36 +0000] "GET /images/2019-10-03T22:43:27.550Z-whitebird.jpeg HTTP/1.1" 404 - "http://localhost:3000/" "Mozilla/5.0 (X11; Linux x86_64) AppleWebKit/537.36 (KHTML, like Gecko) Ubuntu Chromium/76.0.3809.100 Chrome/76.0.3809.100 Safari/537.36"
::1 - - [24/Oct/2019:15:35:37 +0000] "GET /favicon.ico HTTP/1.1" 404 - "http://localhost:3000/" "Mozilla/5.0 (X11; Linux x86_64) AppleWebKit/537.36 (KHTML, like Gecko) Ubuntu Chromium/76.0.3809.100 Chrome/76.0.3809.100 Safari/537.36"
::1 - - [24/Oct/2019:15:35:39 +0000] "GET /login HTTP/1.1" 200 - "http://localhost:3000/" "Mozilla/5.0 (X11; Linux x86_64) AppleWebKit/537.36 (KHTML, like Gecko) Ubuntu Chromium/76.0.3809.100 Chrome/76.0.3809.100 Safari/537.36"
::1 - - [24/Oct/2019:15:35:39 +0000] "GET /css/main.css HTTP/1.1" 304 - "http://localhost:3000/login" "Mozilla/5.0 (X11; Linux x86_64) AppleWebKit/537.36 (KHTML, like Gecko) Ubuntu Chromium/76.0.3809.100 Chrome/76.0.3809.100 Safari/537.36"
::1 - - [24/Oct/2019:15:35:39 +0000] "GET /css/forms.css HTTP/1.1" 200 454 "http://localhost:3000/login" "Mozilla/5.0 (X11; Linux x86_64) AppleWebKit/537.36 (KHTML, like Gecko) Ubuntu Chromium/76.0.3809.100 Chrome/76.0.3809.100 Safari/537.36"
::1 - - [24/Oct/2019:15:35:40 +0000] "GET /js/main.js HTTP/1.1" 304 - "http://localhost:3000/login" "Mozilla/5.0 (X11; Linux x86_64) AppleWebKit/537.36 (KHTML, like Gecko) Ubuntu Chromium/76.0.3809.100 Chrome/76.0.3809.100 Safari/537.36"
::1 - - [24/Oct/2019:15:35:40 +0000] "GET /css/auth.css HTTP/1.1" 200 84 "http://localhost:3000/login" "Mozilla/5.0 (X11; Linux x86_64) AppleWebKit/537.36 (KHTML, like Gecko) Ubuntu Chromium/76.0.3809.100 Chrome/76.0.3809.100 Safari/537.36"
::1 - - [24/Oct/2019:15:35:46 +0000] "POST /login HTTP/1.1" 422 - "http://localhost:3000/login" "Mozilla/5.0 (X11; Linux x86_64) AppleWebKit/537.36 (KHTML, like Gecko) Ubuntu Chromium/76.0.3809.100 Chrome/76.0.3809.100 Safari/537.36"
::1 - - [24/Oct/2019:15:35:46 +0000] "GET /css/main.css HTTP/1.1" 304 - "http://localhost:3000/login" "Mozilla/5.0 (X11; Linux x86_64) AppleWebKit/537.36 (KHTML, like Gecko) Ubuntu Chromium/76.0.3809.100 Chrome/76.0.3809.100 Safari/537.36"
::1 - - [24/Oct/2019:15:35:46 +0000] "GET /css/forms.css HTTP/1.1" 304 - "http://localhost:3000/login" "Mozilla/5.0 (X11; Linux x86_64) AppleWebKit/537.36 (KHTML, like Gecko) Ubuntu Chromium/76.0.3809.100 Chrome/76.0.3809.100 Safari/537.36"
::1 - - [24/Oct/2019:15:35:46 +0000] "GET /js/main.js HTTP/1.1" 304 - "http://localhost:3000/login" "Mozilla/5.0 (X11; Linux x86_64) AppleWebKit/537.36 (KHTML, like Gecko) Ubuntu Chromium/76.0.3809.100 Chrome/76.0.3809.100 Safari/537.36"
::1 - - [24/Oct/2019:15:35:46 +0000] "GET /css/auth.css HTTP/1.1" 304 - "http://localhost:3000/login" "Mozilla/5.0 (X11; Linux x86_64) AppleWebKit/537.36 (KHTML, like Gecko) Ubuntu Chromium/76.0.3809.100 Chrome/76.0.3809.100 Safari/537.36"
::1 - - [24/Oct/2019:15:36:01 +0000] "GET /signup HTTP/1.1" 200 - "http://localhost:3000/login" "Mozilla/5.0 (X11; Linux x86_64) AppleWebKit/537.36 (KHTML, like Gecko) Ubuntu Chromium/76.0.3809.100 Chrome/76.0.3809.100 Safari/537.36"
::1 - - [24/Oct/2019:15:36:01 +0000] "GET /css/main.css HTTP/1.1" 304 - "http://localhost:3000/signup" "Mozilla/5.0 (X11; Linux x86_64) AppleWebKit/537.36 (KHTML, like Gecko) Ubuntu Chromium/76.0.3809.100 Chrome/76.0.3809.100 Safari/537.36"
::1 - - [24/Oct/2019:15:36:01 +0000] "GET /css/forms.css HTTP/1.1" 304 - "http://localhost:3000/signup" "Mozilla/5.0 (X11; Linux x86_64) AppleWebKit/537.36 (KHTML, like Gecko) Ubuntu Chromium/76.0.3809.100 Chrome/76.0.3809.100 Safari/537.36"
::1 - - [24/Oct/2019:15:36:01 +0000] "GET /css/auth.css HTTP/1.1" 304 - "http://localhost:3000/signup" "Mozilla/5.0 (X11; Linux x86_64) AppleWebKit/537.36 (KHTML, like Gecko) Ubuntu Chromium/76.0.3809.100 Chrome/76.0.3809.100 Safari/537.36"
::1 - - [24/Oct/2019:15:36:01 +0000] "GET /js/main.js HTTP/1.1" 304 - "http://localhost:3000/signup" "Mozilla/5.0 (X11; Linux x86_64) AppleWebKit/537.36 (KHTML, like Gecko) Ubuntu Chromium/76.0.3809.100 Chrome/76.0.3809.100 Safari/537.36"
::1 - - [24/Oct/2019:15:36:10 +0000] "POST /signup HTTP/1.1" 422 - "http://localhost:3000/signup" "Mozilla/5.0 (X11; Linux x86_64) AppleWebKit/537.36 (KHTML, like Gecko) Ubuntu Chromium/76.0.3809.100 Chrome/76.0.3809.100 Safari/537.36"
::1 - - [24/Oct/2019:15:36:10 +0000] "GET /css/main.css HTTP/1.1" 304 - "http://localhost:3000/signup" "Mozilla/5.0 (X11; Linux x86_64) AppleWebKit/537.36 (KHTML, like Gecko) Ubuntu Chromium/76.0.3809.100 Chrome/76.0.3809.100 Safari/537.36"
::1 - - [24/Oct/2019:15:36:10 +0000] "GET /css/forms.css HTTP/1.1" 304 - "http://localhost:3000/signup" "Mozilla/5.0 (X11; Linux x86_64) AppleWebKit/537.36 (KHTML, like Gecko) Ubuntu Chromium/76.0.3809.100 Chrome/76.0.3809.100 Safari/537.36"
::1 - - [24/Oct/2019:15:36:10 +0000] "GET /css/auth.css HTTP/1.1" 304 - "http://localhost:3000/signup" "Mozilla/5.0 (X11; Linux x86_64) AppleWebKit/537.36 (KHTML, like Gecko) Ubuntu Chromium/76.0.3809.100 Chrome/76.0.3809.100 Safari/537.36"
::1 - - [24/Oct/2019:15:36:10 +0000] "GET /js/main.js HTTP/1.1" 304 - "http://localhost:3000/signup" "Mozilla/5.0 (X11; Linux x86_64) AppleWebKit/537.36 (KHTML, like Gecko) Ubuntu Chromium/76.0.3809.100 Chrome/76.0.3809.100 Safari/537.36"
::1 - - [24/Oct/2019:15:36:24 +0000] "POST /signup HTTP/1.1" 302 56 "http://localhost:3000/signup" "Mozilla/5.0 (X11; Linux x86_64) AppleWebKit/537.36 (KHTML, like Gecko) Ubuntu Chromium/76.0.3809.100 Chrome/76.0.3809.100 Safari/537.36"
::1 - - [24/Oct/2019:15:36:24 +0000] "GET /login HTTP/1.1" 200 - "http://localhost:3000/signup" "Mozilla/5.0 (X11; Linux x86_64) AppleWebKit/537.36 (KHTML, like Gecko) Ubuntu Chromium/76.0.3809.100 Chrome/76.0.3809.100 Safari/537.36"
::1 - - [24/Oct/2019:15:36:24 +0000] "GET /css/main.css HTTP/1.1" 304 - "http://localhost:3000/login" "Mozilla/5.0 (X11; Linux x86_64) AppleWebKit/537.36 (KHTML, like Gecko) Ubuntu Chromium/76.0.3809.100 Chrome/76.0.3809.100 Safari/537.36"
::1 - - [24/Oct/2019:15:36:24 +0000] "GET /css/forms.css HTTP/1.1" 304 - "http://localhost:3000/login" "Mozilla/5.0 (X11; Linux x86_64) AppleWebKit/537.36 (KHTML, like Gecko) Ubuntu Chromium/76.0.3809.100 Chrome/76.0.3809.100 Safari/537.36"
::1 - - [24/Oct/2019:15:36:24 +0000] "GET /css/auth.css HTTP/1.1" 304 - "http://localhost:3000/login" "Mozilla/5.0 (X11; Linux x86_64) AppleWebKit/537.36 (KHTML, like Gecko) Ubuntu Chromium/76.0.3809.100 Chrome/76.0.3809.100 Safari/537.36"
::1 - - [24/Oct/2019:15:36:24 +0000] "GET /js/main.js HTTP/1.1" 304 - "http://localhost:3000/login" "Mozilla/5.0 (X11; Linux x86_64) AppleWebKit/537.36 (KHTML, like Gecko) Ubuntu Chromium/76.0.3809.100 Chrome/76.0.3809.100 Safari/537.36"
::1 - - [24/Oct/2019:15:36:34 +0000] "POST /login HTTP/1.1" 302 46 "http://localhost:3000/login" "Mozilla/5.0 (X11; Linux x86_64) AppleWebKit/537.36 (KHTML, like Gecko) Ubuntu Chromium/76.0.3809.100 Chrome/76.0.3809.100 Safari/537.36"
::1 - - [24/Oct/2019:15:36:35 +0000] "GET / HTTP/1.1" 200 - "http://localhost:3000/login" "Mozilla/5.0 (X11; Linux x86_64) AppleWebKit/537.36 (KHTML, like Gecko) Ubuntu Chromium/76.0.3809.100 Chrome/76.0.3809.100 Safari/537.36"
::1 - - [24/Oct/2019:15:36:35 +0000] "GET /css/main.css HTTP/1.1" 304 - "http://localhost:3000/" "Mozilla/5.0 (X11; Linux x86_64) AppleWebKit/537.36 (KHTML, like Gecko) Ubuntu Chromium/76.0.3809.100 Chrome/76.0.3809.100 Safari/537.36"
::1 - - [24/Oct/2019:15:36:35 +0000] "GET /css/product.css HTTP/1.1" 304 - "http://localhost:3000/" "Mozilla/5.0 (X11; Linux x86_64) AppleWebKit/537.36 (KHTML, like Gecko) Ubuntu Chromium/76.0.3809.100 Chrome/76.0.3809.100 Safari/537.36"
::1 - - [24/Oct/2019:15:36:36 +0000] "GET /js/main.js HTTP/1.1" 304 - "http://localhost:3000/" "Mozilla/5.0 (X11; Linux x86_64) AppleWebKit/537.36 (KHTML, like Gecko) Ubuntu Chromium/76.0.3809.100 Chrome/76.0.3809.100 Safari/537.36"
::1 - - [24/Oct/2019:15:36:36 +0000] "GET /images/2019-10-03T22:43:27.550Z-whitebird.jpeg HTTP/1.1" 404 - "http://localhost:3000/" "Mozilla/5.0 (X11; Linux x86_64) AppleWebKit/537.36 (KHTML, like Gecko) Ubuntu Chromium/76.0.3809.100 Chrome/76.0.3809.100 Safari/537.36"
::1 - - [24/Oct/2019:15:36:38 +0000] "GET /images/2019-10-03T22:14:12.399Z-theguffalo.jpeg HTTP/1.1" 404 - "http://localhost:3000/" "Mozilla/5.0 (X11; Linux x86_64) AppleWebKit/537.36 (KHTML, like Gecko) Ubuntu Chromium/76.0.3809.100 Chrome/76.0.3809.100 Safari/537.36"
::1 - - [24/Oct/2019:15:36:39 +0000] "GET /admin/add-product HTTP/1.1" 200 - "http://localhost:3000/" "Mozilla/5.0 (X11; Linux x86_64) AppleWebKit/537.36 (KHTML, like Gecko) Ubuntu Chromium/76.0.3809.100 Chrome/76.0.3809.100 Safari/537.36"
::1 - - [24/Oct/2019:15:36:39 +0000] "GET /css/main.css HTTP/1.1" 304 - "http://localhost:3000/admin/add-product" "Mozilla/5.0 (X11; Linux x86_64) AppleWebKit/537.36 (KHTML, like Gecko) Ubuntu Chromium/76.0.3809.100 Chrome/76.0.3809.100 Safari/537.36"
::1 - - [24/Oct/2019:15:36:39 +0000] "GET /css/forms.css HTTP/1.1" 304 - "http://localhost:3000/admin/add-product" "Mozilla/5.0 (X11; Linux x86_64) AppleWebKit/537.36 (KHTML, like Gecko) Ubuntu Chromium/76.0.3809.100 Chrome/76.0.3809.100 Safari/537.36"
::1 - - [24/Oct/2019:15:36:39 +0000] "GET /css/product.css HTTP/1.1" 304 - "http://localhost:3000/admin/add-product" "Mozilla/5.0 (X11; Linux x86_64) AppleWebKit/537.36 (KHTML, like Gecko) Ubuntu Chromium/76.0.3809.100 Chrome/76.0.3809.100 Safari/537.36"
::1 - - [24/Oct/2019:15:36:39 +0000] "GET /js/main.js HTTP/1.1" 304 - "http://localhost:3000/admin/add-product" "Mozilla/5.0 (X11; Linux x86_64) AppleWebKit/537.36 (KHTML, like Gecko) Ubuntu Chromium/76.0.3809.100 Chrome/76.0.3809.100 Safari/537.36"
::1 - - [24/Oct/2019:15:37:05 +0000] "POST /admin/add-product HTTP/1.1" 422 - "http://localhost:3000/admin/add-product" "Mozilla/5.0 (X11; Linux x86_64) AppleWebKit/537.36 (KHTML, like Gecko) Ubuntu Chromium/76.0.3809.100 Chrome/76.0.3809.100 Safari/537.36"
::1 - - [24/Oct/2019:15:37:05 +0000] "GET /css/main.css HTTP/1.1" 304 - "http://localhost:3000/admin/add-product" "Mozilla/5.0 (X11; Linux x86_64) AppleWebKit/537.36 (KHTML, like Gecko) Ubuntu Chromium/76.0.3809.100 Chrome/76.0.3809.100 Safari/537.36"
::1 - - [24/Oct/2019:15:37:05 +0000] "GET /css/forms.css HTTP/1.1" 304 - "http://localhost:3000/admin/add-product" "Mozilla/5.0 (X11; Linux x86_64) AppleWebKit/537.36 (KHTML, like Gecko) Ubuntu Chromium/76.0.3809.100 Chrome/76.0.3809.100 Safari/537.36"
::1 - - [24/Oct/2019:15:37:05 +0000] "GET /css/product.css HTTP/1.1" 304 - "http://localhost:3000/admin/add-product" "Mozilla/5.0 (X11; Linux x86_64) AppleWebKit/537.36 (KHTML, like Gecko) Ubuntu Chromium/76.0.3809.100 Chrome/76.0.3809.100 Safari/537.36"
::1 - - [24/Oct/2019:15:37:05 +0000] "GET /js/main.js HTTP/1.1" 304 - "http://localhost:3000/admin/add-product" "Mozilla/5.0 (X11; Linux x86_64) AppleWebKit/537.36 (KHTML, like Gecko) Ubuntu Chromium/76.0.3809.100 Chrome/76.0.3809.100 Safari/537.36"
::1 - - [24/Oct/2019:15:38:54 +0000] "GET /admin/add-product HTTP/1.1" 200 - "http://localhost:3000/admin/add-product" "Mozilla/5.0 (X11; Linux x86_64) AppleWebKit/537.36 (KHTML, like Gecko) Ubuntu Chromium/76.0.3809.100 Chrome/76.0.3809.100 Safari/537.36"
::1 - - [24/Oct/2019:15:38:54 +0000] "GET /css/main.css HTTP/1.1" 304 - "http://localhost:3000/admin/add-product" "Mozilla/5.0 (X11; Linux x86_64) AppleWebKit/537.36 (KHTML, like Gecko) Ubuntu Chromium/76.0.3809.100 Chrome/76.0.3809.100 Safari/537.36"
::1 - - [24/Oct/2019:15:38:54 +0000] "GET /css/forms.css HTTP/1.1" 304 - "http://localhost:3000/admin/add-product" "Mozilla/5.0 (X11; Linux x86_64) AppleWebKit/537.36 (KHTML, like Gecko) Ubuntu Chromium/76.0.3809.100 Chrome/76.0.3809.100 Safari/537.36"
::1 - - [24/Oct/2019:15:38:54 +0000] "GET /css/product.css HTTP/1.1" 304 - "http://localhost:3000/admin/add-product" "Mozilla/5.0 (X11; Linux x86_64) AppleWebKit/537.36 (KHTML, like Gecko) Ubuntu Chromium/76.0.3809.100 Chrome/76.0.3809.100 Safari/537.36"
::1 - - [24/Oct/2019:15:38:54 +0000] "GET /js/main.js HTTP/1.1" 304 - "http://localhost:3000/admin/add-product" "Mozilla/5.0 (X11; Linux x86_64) AppleWebKit/537.36 (KHTML, like Gecko) Ubuntu Chromium/76.0.3809.100 Chrome/76.0.3809.100 Safari/537.36"
::1 - - [24/Oct/2019:15:39:14 +0000] "POST /admin/add-product HTTP/1.1" 422 - "http://localhost:3000/admin/add-product" "Mozilla/5.0 (X11; Linux x86_64) AppleWebKit/537.36 (KHTML, like Gecko) Ubuntu Chromium/76.0.3809.100 Chrome/76.0.3809.100 Safari/537.36"
::1 - - [24/Oct/2019:15:39:14 +0000] "GET /css/main.css HTTP/1.1" 304 - "http://localhost:3000/admin/add-product" "Mozilla/5.0 (X11; Linux x86_64) AppleWebKit/537.36 (KHTML, like Gecko) Ubuntu Chromium/76.0.3809.100 Chrome/76.0.3809.100 Safari/537.36"
::1 - - [24/Oct/2019:15:39:14 +0000] "GET /css/forms.css HTTP/1.1" 304 - "http://localhost:3000/admin/add-product" "Mozilla/5.0 (X11; Linux x86_64) AppleWebKit/537.36 (KHTML, like Gecko) Ubuntu Chromium/76.0.3809.100 Chrome/76.0.3809.100 Safari/537.36"
::1 - - [24/Oct/2019:15:39:14 +0000] "GET /css/product.css HTTP/1.1" 304 - "http://localhost:3000/admin/add-product" "Mozilla/5.0 (X11; Linux x86_64) AppleWebKit/537.36 (KHTML, like Gecko) Ubuntu Chromium/76.0.3809.100 Chrome/76.0.3809.100 Safari/537.36"
::1 - - [24/Oct/2019:15:39:14 +0000] "GET /js/main.js HTTP/1.1" 304 - "http://localhost:3000/admin/add-product" "Mozilla/5.0 (X11; Linux x86_64) AppleWebKit/537.36 (KHTML, like Gecko) Ubuntu Chromium/76.0.3809.100 Chrome/76.0.3809.100 Safari/537.36"
::1 - - [24/Oct/2019:15:41:29 +0000] "POST /admin/add-product HTTP/1.1" 422 - "http://localhost:3000/admin/add-product" "Mozilla/5.0 (X11; Linux x86_64) AppleWebKit/537.36 (KHTML, like Gecko) Ubuntu Chromium/76.0.3809.100 Chrome/76.0.3809.100 Safari/537.36"
::1 - - [24/Oct/2019:15:41:29 +0000] "GET /css/main.css HTTP/1.1" 304 - "http://localhost:3000/admin/add-product" "Mozilla/5.0 (X11; Linux x86_64) AppleWebKit/537.36 (KHTML, like Gecko) Ubuntu Chromium/76.0.3809.100 Chrome/76.0.3809.100 Safari/537.36"
::1 - - [24/Oct/2019:15:41:29 +0000] "GET /css/forms.css HTTP/1.1" 304 - "http://localhost:3000/admin/add-product" "Mozilla/5.0 (X11; Linux x86_64) AppleWebKit/537.36 (KHTML, like Gecko) Ubuntu Chromium/76.0.3809.100 Chrome/76.0.3809.100 Safari/537.36"
::1 - - [24/Oct/2019:15:41:29 +0000] "GET /css/product.css HTTP/1.1" 304 - "http://localhost:3000/admin/add-product" "Mozilla/5.0 (X11; Linux x86_64) AppleWebKit/537.36 (KHTML, like Gecko) Ubuntu Chromium/76.0.3809.100 Chrome/76.0.3809.100 Safari/537.36"
::1 - - [24/Oct/2019:15:41:29 +0000] "GET /js/main.js HTTP/1.1" 304 - "http://localhost:3000/admin/add-product" "Mozilla/5.0 (X11; Linux x86_64) AppleWebKit/537.36 (KHTML, like Gecko) Ubuntu Chromium/76.0.3809.100 Chrome/76.0.3809.100 Safari/537.36"
::1 - - [24/Oct/2019:15:42:30 +0000] "POST /admin/add-product HTTP/1.1" 302 74 "http://localhost:3000/admin/add-product" "Mozilla/5.0 (X11; Linux x86_64) AppleWebKit/537.36 (KHTML, like Gecko) Ubuntu Chromium/76.0.3809.100 Chrome/76.0.3809.100 Safari/537.36"
::1 - - [24/Oct/2019:15:42:31 +0000] "GET /admin/products HTTP/1.1" 200 - "http://localhost:3000/admin/add-product" "Mozilla/5.0 (X11; Linux x86_64) AppleWebKit/537.36 (KHTML, like Gecko) Ubuntu Chromium/76.0.3809.100 Chrome/76.0.3809.100 Safari/537.36"
::1 - - [24/Oct/2019:15:42:31 +0000] "GET /css/main.css HTTP/1.1" 304 - "http://localhost:3000/admin/products" "Mozilla/5.0 (X11; Linux x86_64) AppleWebKit/537.36 (KHTML, like Gecko) Ubuntu Chromium/76.0.3809.100 Chrome/76.0.3809.100 Safari/537.36"
::1 - - [24/Oct/2019:15:42:31 +0000] "GET /css/product.css HTTP/1.1" 304 - "http://localhost:3000/admin/products" "Mozilla/5.0 (X11; Linux x86_64) AppleWebKit/537.36 (KHTML, like Gecko) Ubuntu Chromium/76.0.3809.100 Chrome/76.0.3809.100 Safari/537.36"
::1 - - [24/Oct/2019:15:42:31 +0000] "GET /js/main.js HTTP/1.1" 304 - "http://localhost:3000/admin/products" "Mozilla/5.0 (X11; Linux x86_64) AppleWebKit/537.36 (KHTML, like Gecko) Ubuntu Chromium/76.0.3809.100 Chrome/76.0.3809.100 Safari/537.36"
::1 - - [24/Oct/2019:15:42:31 +0000] "GET /images/2019-10-24T15:42:29.054Z-space-3.jpg HTTP/1.1" 200 3937420 "http://localhost:3000/admin/products" "Mozilla/5.0 (X11; Linux x86_64) AppleWebKit/537.36 (KHTML, like Gecko) Ubuntu Chromium/76.0.3809.100 Chrome/76.0.3809.100 Safari/537.36"
::1 - - [24/Oct/2019:15:42:31 +0000] "GET /js/admin.js HTTP/1.1" 200 558 "http://localhost:3000/admin/products" "Mozilla/5.0 (X11; Linux x86_64) AppleWebKit/537.36 (KHTML, like Gecko) Ubuntu Chromium/76.0.3809.100 Chrome/76.0.3809.100 Safari/537.36"
::1 - - [24/Oct/2019:15:43:36 +0000] "GET /admin/products HTTP/1.1" 200 - "http://localhost:3000/admin/add-product" "Mozilla/5.0 (X11; Linux x86_64) AppleWebKit/537.36 (KHTML, like Gecko) Ubuntu Chromium/76.0.3809.100 Chrome/76.0.3809.100 Safari/537.36"
::1 - - [24/Oct/2019:15:43:36 +0000] "GET /css/main.css HTTP/1.1" 304 - "http://localhost:3000/admin/products" "Mozilla/5.0 (X11; Linux x86_64) AppleWebKit/537.36 (KHTML, like Gecko) Ubuntu Chromium/76.0.3809.100 Chrome/76.0.3809.100 Safari/537.36"
::1 - - [24/Oct/2019:15:43:36 +0000] "GET /css/product.css HTTP/1.1" 304 - "http://localhost:3000/admin/products" "Mozilla/5.0 (X11; Linux x86_64) AppleWebKit/537.36 (KHTML, like Gecko) Ubuntu Chromium/76.0.3809.100 Chrome/76.0.3809.100 Safari/537.36"
::1 - - [24/Oct/2019:15:43:36 +0000] "GET /js/main.js HTTP/1.1" 304 - "http://localhost:3000/admin/products" "Mozilla/5.0 (X11; Linux x86_64) AppleWebKit/537.36 (KHTML, like Gecko) Ubuntu Chromium/76.0.3809.100 Chrome/76.0.3809.100 Safari/537.36"
::1 - - [24/Oct/2019:15:43:37 +0000] "GET /images/2019-10-24T15:42:29.054Z-space-3.jpg HTTP/1.1" 304 - "http://localhost:3000/admin/products" "Mozilla/5.0 (X11; Linux x86_64) AppleWebKit/537.36 (KHTML, like Gecko) Ubuntu Chromium/76.0.3809.100 Chrome/76.0.3809.100 Safari/537.36"
::1 - - [24/Oct/2019:15:43:37 +0000] "GET /js/admin.js HTTP/1.1" 304 - "http://localhost:3000/admin/products" "Mozilla/5.0 (X11; Linux x86_64) AppleWebKit/537.36 (KHTML, like Gecko) Ubuntu Chromium/76.0.3809.100 Chrome/76.0.3809.100 Safari/537.36"
::1 - - [24/Oct/2019:15:43:42 +0000] "GET /admin/products HTTP/1.1" 200 - "http://localhost:3000/admin/add-product" "Mozilla/5.0 (X11; Linux x86_64) AppleWebKit/537.36 (KHTML, like Gecko) Ubuntu Chromium/76.0.3809.100 Chrome/76.0.3809.100 Safari/537.36"
::1 - - [24/Oct/2019:15:43:42 +0000] "GET /css/main.css HTTP/1.1" 304 - "http://localhost:3000/admin/products" "Mozilla/5.0 (X11; Linux x86_64) AppleWebKit/537.36 (KHTML, like Gecko) Ubuntu Chromium/76.0.3809.100 Chrome/76.0.3809.100 Safari/537.36"
::1 - - [24/Oct/2019:15:43:42 +0000] "GET /css/product.css HTTP/1.1" 304 - "http://localhost:3000/admin/products" "Mozilla/5.0 (X11; Linux x86_64) AppleWebKit/537.36 (KHTML, like Gecko) Ubuntu Chromium/76.0.3809.100 Chrome/76.0.3809.100 Safari/537.36"
::1 - - [24/Oct/2019:15:43:42 +0000] "GET /images/2019-10-24T15:42:29.054Z-space-3.jpg HTTP/1.1" 304 - "http://localhost:3000/admin/products" "Mozilla/5.0 (X11; Linux x86_64) AppleWebKit/537.36 (KHTML, like Gecko) Ubuntu Chromium/76.0.3809.100 Chrome/76.0.3809.100 Safari/537.36"
::1 - - [24/Oct/2019:15:43:42 +0000] "GET /js/main.js HTTP/1.1" 304 - "http://localhost:3000/admin/products" "Mozilla/5.0 (X11; Linux x86_64) AppleWebKit/537.36 (KHTML, like Gecko) Ubuntu Chromium/76.0.3809.100 Chrome/76.0.3809.100 Safari/537.36"
::1 - - [24/Oct/2019:15:43:42 +0000] "GET /js/admin.js HTTP/1.1" 304 - "http://localhost:3000/admin/products" "Mozilla/5.0 (X11; Linux x86_64) AppleWebKit/537.36 (KHTML, like Gecko) Ubuntu Chromium/76.0.3809.100 Chrome/76.0.3809.100 Safari/537.36"
::1 - - [24/Oct/2019:15:43:45 +0000] "GET /admin/products HTTP/1.1" 200 - "http://localhost:3000/admin/add-product" "Mozilla/5.0 (X11; Linux x86_64) AppleWebKit/537.36 (KHTML, like Gecko) Ubuntu Chromium/76.0.3809.100 Chrome/76.0.3809.100 Safari/537.36"
::1 - - [24/Oct/2019:15:43:45 +0000] "GET /css/main.css HTTP/1.1" 304 - "http://localhost:3000/admin/products" "Mozilla/5.0 (X11; Linux x86_64) AppleWebKit/537.36 (KHTML, like Gecko) Ubuntu Chromium/76.0.3809.100 Chrome/76.0.3809.100 Safari/537.36"
::1 - - [24/Oct/2019:15:43:45 +0000] "GET /css/product.css HTTP/1.1" 304 - "http://localhost:3000/admin/products" "Mozilla/5.0 (X11; Linux x86_64) AppleWebKit/537.36 (KHTML, like Gecko) Ubuntu Chromium/76.0.3809.100 Chrome/76.0.3809.100 Safari/537.36"
::1 - - [24/Oct/2019:15:43:45 +0000] "GET /js/main.js HTTP/1.1" 304 - "http://localhost:3000/admin/products" "Mozilla/5.0 (X11; Linux x86_64) AppleWebKit/537.36 (KHTML, like Gecko) Ubuntu Chromium/76.0.3809.100 Chrome/76.0.3809.100 Safari/537.36"
::1 - - [24/Oct/2019:15:43:45 +0000] "GET /images/2019-10-24T15:42:29.054Z-space-3.jpg HTTP/1.1" 304 - "http://localhost:3000/admin/products" "Mozilla/5.0 (X11; Linux x86_64) AppleWebKit/537.36 (KHTML, like Gecko) Ubuntu Chromium/76.0.3809.100 Chrome/76.0.3809.100 Safari/537.36"
::1 - - [24/Oct/2019:15:43:45 +0000] "GET /js/admin.js HTTP/1.1" 304 - "http://localhost:3000/admin/products" "Mozilla/5.0 (X11; Linux x86_64) AppleWebKit/537.36 (KHTML, like Gecko) Ubuntu Chromium/76.0.3809.100 Chrome/76.0.3809.100 Safari/537.36"
::1 - - [26/Oct/2019:06:55:34 +0000] "GET / HTTP/1.1" 200 - "-" "Mozilla/5.0 (X11; Linux x86_64) AppleWebKit/537.36 (KHTML, like Gecko) Ubuntu Chromium/76.0.3809.100 Chrome/76.0.3809.100 Safari/537.36"
::1 - - [26/Oct/2019:06:55:34 +0000] "GET /css/main.css HTTP/1.1" 304 - "http://localhost:3000/" "Mozilla/5.0 (X11; Linux x86_64) AppleWebKit/537.36 (KHTML, like Gecko) Ubuntu Chromium/76.0.3809.100 Chrome/76.0.3809.100 Safari/537.36"
::1 - - [26/Oct/2019:06:55:34 +0000] "GET /css/product.css HTTP/1.1" 304 - "http://localhost:3000/" "Mozilla/5.0 (X11; Linux x86_64) AppleWebKit/537.36 (KHTML, like Gecko) Ubuntu Chromium/76.0.3809.100 Chrome/76.0.3809.100 Safari/537.36"
::1 - - [26/Oct/2019:06:55:35 +0000] "GET /js/main.js HTTP/1.1" 304 - "http://localhost:3000/" "Mozilla/5.0 (X11; Linux x86_64) AppleWebKit/537.36 (KHTML, like Gecko) Ubuntu Chromium/76.0.3809.100 Chrome/76.0.3809.100 Safari/537.36"
::1 - - [26/Oct/2019:06:55:35 +0000] "GET /images/2019-10-03T22:14:12.399Z-theguffalo.jpeg HTTP/1.1" 404 - "http://localhost:3000/" "Mozilla/5.0 (X11; Linux x86_64) AppleWebKit/537.36 (KHTML, like Gecko) Ubuntu Chromium/76.0.3809.100 Chrome/76.0.3809.100 Safari/537.36"
::1 - - [26/Oct/2019:06:55:37 +0000] "GET /images/2019-10-03T22:43:27.550Z-whitebird.jpeg HTTP/1.1" 404 - "http://localhost:3000/" "Mozilla/5.0 (X11; Linux x86_64) AppleWebKit/537.36 (KHTML, like Gecko) Ubuntu Chromium/76.0.3809.100 Chrome/76.0.3809.100 Safari/537.36"
::1 - - [26/Oct/2019:06:55:38 +0000] "GET /favicon.ico HTTP/1.1" 404 - "http://localhost:3000/" "Mozilla/5.0 (X11; Linux x86_64) AppleWebKit/537.36 (KHTML, like Gecko) Ubuntu Chromium/76.0.3809.100 Chrome/76.0.3809.100 Safari/537.36"
::1 - - [26/Oct/2019:06:55:40 +0000] "GET /admin/add-product HTTP/1.1" 200 - "http://localhost:3000/" "Mozilla/5.0 (X11; Linux x86_64) AppleWebKit/537.36 (KHTML, like Gecko) Ubuntu Chromium/76.0.3809.100 Chrome/76.0.3809.100 Safari/537.36"
::1 - - [26/Oct/2019:06:55:40 +0000] "GET /css/main.css HTTP/1.1" 304 - "http://localhost:3000/admin/add-product" "Mozilla/5.0 (X11; Linux x86_64) AppleWebKit/537.36 (KHTML, like Gecko) Ubuntu Chromium/76.0.3809.100 Chrome/76.0.3809.100 Safari/537.36"
::1 - - [26/Oct/2019:06:55:40 +0000] "GET /css/product.css HTTP/1.1" 304 - "http://localhost:3000/admin/add-product" "Mozilla/5.0 (X11; Linux x86_64) AppleWebKit/537.36 (KHTML, like Gecko) Ubuntu Chromium/76.0.3809.100 Chrome/76.0.3809.100 Safari/537.36"
::1 - - [26/Oct/2019:06:55:40 +0000] "GET /js/main.js HTTP/1.1" 304 - "http://localhost:3000/admin/add-product" "Mozilla/5.0 (X11; Linux x86_64) AppleWebKit/537.36 (KHTML, like Gecko) Ubuntu Chromium/76.0.3809.100 Chrome/76.0.3809.100 Safari/537.36"
::1 - - [26/Oct/2019:06:55:40 +0000] "GET /css/forms.css HTTP/1.1" 304 - "http://localhost:3000/admin/add-product" "Mozilla/5.0 (X11; Linux x86_64) AppleWebKit/537.36 (KHTML, like Gecko) Ubuntu Chromium/76.0.3809.100 Chrome/76.0.3809.100 Safari/537.36"
::1 - - [26/Oct/2019:06:55:53 +0000] "POST /admin/add-product HTTP/1.1" 500 - "http://localhost:3000/admin/add-product" "Mozilla/5.0 (X11; Linux x86_64) AppleWebKit/537.36 (KHTML, like Gecko) Ubuntu Chromium/76.0.3809.100 Chrome/76.0.3809.100 Safari/537.36"
::1 - - [26/Oct/2019:06:55:53 +0000] "GET /css/main.css HTTP/1.1" 304 - "http://localhost:3000/admin/add-product" "Mozilla/5.0 (X11; Linux x86_64) AppleWebKit/537.36 (KHTML, like Gecko) Ubuntu Chromium/76.0.3809.100 Chrome/76.0.3809.100 Safari/537.36"
::1 - - [26/Oct/2019:06:55:53 +0000] "GET /js/main.js HTTP/1.1" 304 - "http://localhost:3000/admin/add-product" "Mozilla/5.0 (X11; Linux x86_64) AppleWebKit/537.36 (KHTML, like Gecko) Ubuntu Chromium/76.0.3809.100 Chrome/76.0.3809.100 Safari/537.36"
::1 - - [26/Oct/2019:06:56:12 +0000] "GET / HTTP/1.1" 200 - "http://localhost:3000/admin/add-product" "Mozilla/5.0 (X11; Linux x86_64) AppleWebKit/537.36 (KHTML, like Gecko) Ubuntu Chromium/76.0.3809.100 Chrome/76.0.3809.100 Safari/537.36"
::1 - - [26/Oct/2019:06:56:12 +0000] "GET /css/main.css HTTP/1.1" 304 - "http://localhost:3000/" "Mozilla/5.0 (X11; Linux x86_64) AppleWebKit/537.36 (KHTML, like Gecko) Ubuntu Chromium/76.0.3809.100 Chrome/76.0.3809.100 Safari/537.36"
::1 - - [26/Oct/2019:06:56:12 +0000] "GET /css/product.css HTTP/1.1" 304 - "http://localhost:3000/" "Mozilla/5.0 (X11; Linux x86_64) AppleWebKit/537.36 (KHTML, like Gecko) Ubuntu Chromium/76.0.3809.100 Chrome/76.0.3809.100 Safari/537.36"
::1 - - [26/Oct/2019:06:56:12 +0000] "GET /js/main.js HTTP/1.1" 304 - "http://localhost:3000/" "Mozilla/5.0 (X11; Linux x86_64) AppleWebKit/537.36 (KHTML, like Gecko) Ubuntu Chromium/76.0.3809.100 Chrome/76.0.3809.100 Safari/537.36"
::1 - - [26/Oct/2019:06:56:12 +0000] "GET /images/2019-10-03T22:43:27.550Z-whitebird.jpeg HTTP/1.1" 404 - "http://localhost:3000/" "Mozilla/5.0 (X11; Linux x86_64) AppleWebKit/537.36 (KHTML, like Gecko) Ubuntu Chromium/76.0.3809.100 Chrome/76.0.3809.100 Safari/537.36"
::1 - - [26/Oct/2019:06:56:12 +0000] "GET /images/2019-10-03T22:14:12.399Z-theguffalo.jpeg HTTP/1.1" 404 - "http://localhost:3000/" "Mozilla/5.0 (X11; Linux x86_64) AppleWebKit/537.36 (KHTML, like Gecko) Ubuntu Chromium/76.0.3809.100 Chrome/76.0.3809.100 Safari/537.36"
::1 - - [26/Oct/2019:06:56:15 +0000] "GET /?page=2 HTTP/1.1" 200 - "http://localhost:3000/" "Mozilla/5.0 (X11; Linux x86_64) AppleWebKit/537.36 (KHTML, like Gecko) Ubuntu Chromium/76.0.3809.100 Chrome/76.0.3809.100 Safari/537.36"
::1 - - [26/Oct/2019:06:56:15 +0000] "GET /css/main.css HTTP/1.1" 304 - "http://localhost:3000/?page=2" "Mozilla/5.0 (X11; Linux x86_64) AppleWebKit/537.36 (KHTML, like Gecko) Ubuntu Chromium/76.0.3809.100 Chrome/76.0.3809.100 Safari/537.36"
::1 - - [26/Oct/2019:06:56:15 +0000] "GET /css/product.css HTTP/1.1" 304 - "http://localhost:3000/?page=2" "Mozilla/5.0 (X11; Linux x86_64) AppleWebKit/537.36 (KHTML, like Gecko) Ubuntu Chromium/76.0.3809.100 Chrome/76.0.3809.100 Safari/537.36"
::1 - - [26/Oct/2019:06:56:15 +0000] "GET /js/main.js HTTP/1.1" 304 - "http://localhost:3000/?page=2" "Mozilla/5.0 (X11; Linux x86_64) AppleWebKit/537.36 (KHTML, like Gecko) Ubuntu Chromium/76.0.3809.100 Chrome/76.0.3809.100 Safari/537.36"
::1 - - [26/Oct/2019:06:56:15 +0000] "GET /images/2019-10-03T22:44:19.829Z-junglebook.jpeg HTTP/1.1" 404 - "http://localhost:3000/?page=2" "Mozilla/5.0 (X11; Linux x86_64) AppleWebKit/537.36 (KHTML, like Gecko) Ubuntu Chromium/76.0.3809.100 Chrome/76.0.3809.100 Safari/537.36"
::1 - - [26/Oct/2019:06:56:15 +0000] "GET /images/2019-10-03T22:45:22.589Z-bible-story.jpeg HTTP/1.1" 404 - "http://localhost:3000/?page=2" "Mozilla/5.0 (X11; Linux x86_64) AppleWebKit/537.36 (KHTML, like Gecko) Ubuntu Chromium/76.0.3809.100 Chrome/76.0.3809.100 Safari/537.36"
::1 - - [26/Oct/2019:06:56:18 +0000] "GET /?page=3 HTTP/1.1" 200 - "http://localhost:3000/?page=2" "Mozilla/5.0 (X11; Linux x86_64) AppleWebKit/537.36 (KHTML, like Gecko) Ubuntu Chromium/76.0.3809.100 Chrome/76.0.3809.100 Safari/537.36"
::1 - - [26/Oct/2019:06:56:18 +0000] "GET /css/main.css HTTP/1.1" 304 - "http://localhost:3000/?page=3" "Mozilla/5.0 (X11; Linux x86_64) AppleWebKit/537.36 (KHTML, like Gecko) Ubuntu Chromium/76.0.3809.100 Chrome/76.0.3809.100 Safari/537.36"
::1 - - [26/Oct/2019:06:56:18 +0000] "GET /css/product.css HTTP/1.1" 304 - "http://localhost:3000/?page=3" "Mozilla/5.0 (X11; Linux x86_64) AppleWebKit/537.36 (KHTML, like Gecko) Ubuntu Chromium/76.0.3809.100 Chrome/76.0.3809.100 Safari/537.36"
::1 - - [26/Oct/2019:06:56:18 +0000] "GET /js/main.js HTTP/1.1" 304 - "http://localhost:3000/?page=3" "Mozilla/5.0 (X11; Linux x86_64) AppleWebKit/537.36 (KHTML, like Gecko) Ubuntu Chromium/76.0.3809.100 Chrome/76.0.3809.100 Safari/537.36"
::1 - - [26/Oct/2019:06:56:18 +0000] "GET /images/2019-10-24T15:42:29.054Z-space-3.jpg HTTP/1.1" 304 - "http://localhost:3000/?page=3" "Mozilla/5.0 (X11; Linux x86_64) AppleWebKit/537.36 (KHTML, like Gecko) Ubuntu Chromium/76.0.3809.100 Chrome/76.0.3809.100 Safari/537.36"
::1 - - [26/Oct/2019:06:56:22 +0000] "GET /?page=1 HTTP/1.1" 200 - "http://localhost:3000/?page=3" "Mozilla/5.0 (X11; Linux x86_64) AppleWebKit/537.36 (KHTML, like Gecko) Ubuntu Chromium/76.0.3809.100 Chrome/76.0.3809.100 Safari/537.36"
::1 - - [26/Oct/2019:06:56:22 +0000] "GET /css/main.css HTTP/1.1" 304 - "http://localhost:3000/?page=1" "Mozilla/5.0 (X11; Linux x86_64) AppleWebKit/537.36 (KHTML, like Gecko) Ubuntu Chromium/76.0.3809.100 Chrome/76.0.3809.100 Safari/537.36"
::1 - - [26/Oct/2019:06:56:22 +0000] "GET /css/product.css HTTP/1.1" 304 - "http://localhost:3000/?page=1" "Mozilla/5.0 (X11; Linux x86_64) AppleWebKit/537.36 (KHTML, like Gecko) Ubuntu Chromium/76.0.3809.100 Chrome/76.0.3809.100 Safari/537.36"
::1 - - [26/Oct/2019:06:56:23 +0000] "GET /js/main.js HTTP/1.1" 304 - "http://localhost:3000/?page=1" "Mozilla/5.0 (X11; Linux x86_64) AppleWebKit/537.36 (KHTML, like Gecko) Ubuntu Chromium/76.0.3809.100 Chrome/76.0.3809.100 Safari/537.36"
::1 - - [26/Oct/2019:06:56:23 +0000] "GET /images/2019-10-03T22:14:12.399Z-theguffalo.jpeg HTTP/1.1" 404 - "http://localhost:3000/?page=1" "Mozilla/5.0 (X11; Linux x86_64) AppleWebKit/537.36 (KHTML, like Gecko) Ubuntu Chromium/76.0.3809.100 Chrome/76.0.3809.100 Safari/537.36"
::1 - - [26/Oct/2019:06:56:23 +0000] "GET /images/2019-10-03T22:43:27.550Z-whitebird.jpeg HTTP/1.1" 404 - "http://localhost:3000/?page=1" "Mozilla/5.0 (X11; Linux x86_64) AppleWebKit/537.36 (KHTML, like Gecko) Ubuntu Chromium/76.0.3809.100 Chrome/76.0.3809.100 Safari/537.36"
::1 - - [26/Oct/2019:06:57:06 +0000] "GET /?page=1 HTTP/1.1" 200 - "http://localhost:3000/?page=3" "Mozilla/5.0 (X11; Linux x86_64) AppleWebKit/537.36 (KHTML, like Gecko) Ubuntu Chromium/76.0.3809.100 Chrome/76.0.3809.100 Safari/537.36"
::1 - - [26/Oct/2019:06:57:06 +0000] "GET /css/main.css HTTP/1.1" 304 - "http://localhost:3000/?page=1" "Mozilla/5.0 (X11; Linux x86_64) AppleWebKit/537.36 (KHTML, like Gecko) Ubuntu Chromium/76.0.3809.100 Chrome/76.0.3809.100 Safari/537.36"
::1 - - [26/Oct/2019:06:57:06 +0000] "GET /css/product.css HTTP/1.1" 304 - "http://localhost:3000/?page=1" "Mozilla/5.0 (X11; Linux x86_64) AppleWebKit/537.36 (KHTML, like Gecko) Ubuntu Chromium/76.0.3809.100 Chrome/76.0.3809.100 Safari/537.36"
::1 - - [26/Oct/2019:06:57:06 +0000] "GET /js/main.js HTTP/1.1" 304 - "http://localhost:3000/?page=1" "Mozilla/5.0 (X11; Linux x86_64) AppleWebKit/537.36 (KHTML, like Gecko) Ubuntu Chromium/76.0.3809.100 Chrome/76.0.3809.100 Safari/537.36"
::1 - - [26/Oct/2019:06:57:06 +0000] "GET /images/2019-10-03T22:14:12.399Z-theguffalo.jpeg HTTP/1.1" 404 - "http://localhost:3000/?page=1" "Mozilla/5.0 (X11; Linux x86_64) AppleWebKit/537.36 (KHTML, like Gecko) Ubuntu Chromium/76.0.3809.100 Chrome/76.0.3809.100 Safari/537.36"
::1 - - [26/Oct/2019:06:57:08 +0000] "GET /images/2019-10-03T22:43:27.550Z-whitebird.jpeg HTTP/1.1" 404 - "http://localhost:3000/?page=1" "Mozilla/5.0 (X11; Linux x86_64) AppleWebKit/537.36 (KHTML, like Gecko) Ubuntu Chromium/76.0.3809.100 Chrome/76.0.3809.100 Safari/537.36"
::1 - - [26/Oct/2019:06:57:09 +0000] "GET /admin/add-product HTTP/1.1" 200 - "http://localhost:3000/?page=1" "Mozilla/5.0 (X11; Linux x86_64) AppleWebKit/537.36 (KHTML, like Gecko) Ubuntu Chromium/76.0.3809.100 Chrome/76.0.3809.100 Safari/537.36"
::1 - - [26/Oct/2019:06:57:09 +0000] "GET /css/main.css HTTP/1.1" 304 - "http://localhost:3000/admin/add-product" "Mozilla/5.0 (X11; Linux x86_64) AppleWebKit/537.36 (KHTML, like Gecko) Ubuntu Chromium/76.0.3809.100 Chrome/76.0.3809.100 Safari/537.36"
::1 - - [26/Oct/2019:06:57:09 +0000] "GET /css/forms.css HTTP/1.1" 304 - "http://localhost:3000/admin/add-product" "Mozilla/5.0 (X11; Linux x86_64) AppleWebKit/537.36 (KHTML, like Gecko) Ubuntu Chromium/76.0.3809.100 Chrome/76.0.3809.100 Safari/537.36"
::1 - - [26/Oct/2019:06:57:09 +0000] "GET /css/product.css HTTP/1.1" 304 - "http://localhost:3000/admin/add-product" "Mozilla/5.0 (X11; Linux x86_64) AppleWebKit/537.36 (KHTML, like Gecko) Ubuntu Chromium/76.0.3809.100 Chrome/76.0.3809.100 Safari/537.36"
::1 - - [26/Oct/2019:06:57:09 +0000] "GET /js/main.js HTTP/1.1" 304 - "http://localhost:3000/admin/add-product" "Mozilla/5.0 (X11; Linux x86_64) AppleWebKit/537.36 (KHTML, like Gecko) Ubuntu Chromium/76.0.3809.100 Chrome/76.0.3809.100 Safari/537.36"
::1 - - [26/Oct/2019:06:57:41 +0000] "POST /admin/add-product HTTP/1.1" - - "http://localhost:3000/admin/add-product" "Mozilla/5.0 (X11; Linux x86_64) AppleWebKit/537.36 (KHTML, like Gecko) Ubuntu Chromium/76.0.3809.100 Chrome/76.0.3809.100 Safari/537.36"
::1 - - [26/Oct/2019:06:59:41 +0000] "POST /admin/add-product HTTP/1.1" - - "http://localhost:3000/admin/add-product" "Mozilla/5.0 (X11; Linux x86_64) AppleWebKit/537.36 (KHTML, like Gecko) Ubuntu Chromium/76.0.3809.100 Chrome/76.0.3809.100 Safari/537.36"
::1 - - [26/Oct/2019:06:59:51 +0000] "POST /admin/add-product HTTP/1.1" - - "http://localhost:3000/admin/add-product" "Mozilla/5.0 (X11; Linux x86_64) AppleWebKit/537.36 (KHTML, like Gecko) Ubuntu Chromium/76.0.3809.100 Chrome/76.0.3809.100 Safari/537.36"
::1 - - [26/Oct/2019:06:59:53 +0000] "GET /admin/add-product HTTP/1.1" 200 - "http://localhost:3000/?page=1" "Mozilla/5.0 (X11; Linux x86_64) AppleWebKit/537.36 (KHTML, like Gecko) Ubuntu Chromium/76.0.3809.100 Chrome/76.0.3809.100 Safari/537.36"
::1 - - [26/Oct/2019:06:59:53 +0000] "GET /css/main.css HTTP/1.1" 304 - "http://localhost:3000/admin/add-product" "Mozilla/5.0 (X11; Linux x86_64) AppleWebKit/537.36 (KHTML, like Gecko) Ubuntu Chromium/76.0.3809.100 Chrome/76.0.3809.100 Safari/537.36"
::1 - - [26/Oct/2019:06:59:53 +0000] "GET /css/forms.css HTTP/1.1" 304 - "http://localhost:3000/admin/add-product" "Mozilla/5.0 (X11; Linux x86_64) AppleWebKit/537.36 (KHTML, like Gecko) Ubuntu Chromium/76.0.3809.100 Chrome/76.0.3809.100 Safari/537.36"
::1 - - [26/Oct/2019:06:59:53 +0000] "GET /css/product.css HTTP/1.1" 304 - "http://localhost:3000/admin/add-product" "Mozilla/5.0 (X11; Linux x86_64) AppleWebKit/537.36 (KHTML, like Gecko) Ubuntu Chromium/76.0.3809.100 Chrome/76.0.3809.100 Safari/537.36"
::1 - - [26/Oct/2019:06:59:53 +0000] "GET /js/main.js HTTP/1.1" 304 - "http://localhost:3000/admin/add-product" "Mozilla/5.0 (X11; Linux x86_64) AppleWebKit/537.36 (KHTML, like Gecko) Ubuntu Chromium/76.0.3809.100 Chrome/76.0.3809.100 Safari/537.36"
::1 - - [26/Oct/2019:07:00:42 +0000] "POST /admin/add-product HTTP/1.1" 500 - "http://localhost:3000/admin/add-product" "Mozilla/5.0 (X11; Linux x86_64) AppleWebKit/537.36 (KHTML, like Gecko) Ubuntu Chromium/76.0.3809.100 Chrome/76.0.3809.100 Safari/537.36"
::1 - - [26/Oct/2019:07:00:42 +0000] "GET /css/main.css HTTP/1.1" 304 - "http://localhost:3000/admin/add-product" "Mozilla/5.0 (X11; Linux x86_64) AppleWebKit/537.36 (KHTML, like Gecko) Ubuntu Chromium/76.0.3809.100 Chrome/76.0.3809.100 Safari/537.36"
::1 - - [26/Oct/2019:07:00:42 +0000] "GET /js/main.js HTTP/1.1" 304 - "http://localhost:3000/admin/add-product" "Mozilla/5.0 (X11; Linux x86_64) AppleWebKit/537.36 (KHTML, like Gecko) Ubuntu Chromium/76.0.3809.100 Chrome/76.0.3809.100 Safari/537.36"
::1 - - [26/Oct/2019:07:04:17 +0000] "POST /admin/add-product HTTP/1.1" 500 - "http://localhost:3000/admin/add-product" "Mozilla/5.0 (X11; Linux x86_64) AppleWebKit/537.36 (KHTML, like Gecko) Ubuntu Chromium/76.0.3809.100 Chrome/76.0.3809.100 Safari/537.36"
::1 - - [26/Oct/2019:07:04:17 +0000] "GET /css/main.css HTTP/1.1" 304 - "http://localhost:3000/admin/add-product" "Mozilla/5.0 (X11; Linux x86_64) AppleWebKit/537.36 (KHTML, like Gecko) Ubuntu Chromium/76.0.3809.100 Chrome/76.0.3809.100 Safari/537.36"
::1 - - [26/Oct/2019:07:04:17 +0000] "GET /js/main.js HTTP/1.1" 304 - "http://localhost:3000/admin/add-product" "Mozilla/5.0 (X11; Linux x86_64) AppleWebKit/537.36 (KHTML, like Gecko) Ubuntu Chromium/76.0.3809.100 Chrome/76.0.3809.100 Safari/537.36"
